AndroidNews/app/build/intermediates/manifest_merge_blame_file/debug/manifest-merger-blame-debug-report.txt
1<?xml version="1.0" encoding="utf-8"?>
2<manifest xmlns:android="http://schemas.android.com/apk/res/android"
3    package="com.example.androidnews"
4    android:versionCode="1"
5    android:versionName="1.0" >
6
7    <uses-sdk
8        android:minSdkVersion="23"
8-->src\main\AndroidManifest.xml
9        android:targetSdkVersion="31" />
9-->src\main\AndroidManifest.xml
10
11    <!--
12         The ACCESS_COARSE/FINE_LOCATION permissions are not required to use
13         Google Maps Android API v2, but you must specify either coarse or fine
14         location permissions for the "MyLocation" functionality.
15    -->
16    <uses-permission android:name="android.permission.ACCESS_FINE_LOCATION" />
16-->src\main\AndroidManifest.xml:10:5-79
16-->src\main\AndroidManifest.xml:10:22-76
17
18    <!-- Include required permissions for Google Maps API to run. -->
19    <uses-permission android:name="android.permission.ACCESS_NETWORK_STATE" />
19-->[com.google.android.gms:play-services-maps:18.0.2] AndroidManifest.xml:23:5-79
19-->[com.google.android.gms:play-services-maps:18.0.2] AndroidManifest.xml:23:22-76
20    <uses-permission android:name="android.permission.INTERNET" />
20-->[com.google.android.gms:play-services-maps:18.0.2] AndroidManifest.xml:24:5-67
20-->[com.google.android.gms:play-services-maps:18.0.2] AndroidManifest.xml:24:22-64
21
22    <uses-feature
22-->[com.google.android.gms:play-services-maps:18.0.2] AndroidManifest.xml:26:5-28:35
23        android:glEsVersion="0x00020000"
23-->[com.google.android.gms:play-services-maps:18.0.2] AndroidManifest.xml:27:9-41
24        android:required="true" />
24-->[com.google.android.gms:play-services-maps:18.0.2] AndroidManifest.xml:28:9-32
25
26    <queries>
26-->[com.google.android.gms:play-services-maps:18.0.2] AndroidManifest.xml:30:5-34:15
27
28        <!-- Needs to be explicitly declared on Android R+ -->
29        <package android:name="com.google.android.apps.maps" />
29-->[com.google.android.gms:play-services-maps:18.0.2] AndroidManifest.xml:33:9-64
29-->[com.google.android.gms:play-services-maps:18.0.2] AndroidManifest.xml:33:18-61
30    </queries>
31
32    <application
32-->src\main\AndroidManifest.xml:12:5-55:19
33        android:allowBackup="true"
33-->src\main\AndroidManifest.xml:13:9-35
34        android:appComponentFactory="androidx.core.app.CoreComponentFactory"
34-->[androidx.core:core:1.7.0] AndroidManifest.xml:24:18-86
35        android:debuggable="true"
36        android:extractNativeLibs="false"
37        android:icon="@mipmap/ic_launcher"
37-->src\main\AndroidManifest.xml:14:9-43
38        android:label="@string/app_name"
38-->src\main\AndroidManifest.xml:15:9-41
39        android:roundIcon="@mipmap/ic_launcher_round"
39-->src\main\AndroidManifest.xml:16:9-54
40        android:supportsRtl="true"
40-->src\main\AndroidManifest.xml:17:9-35
41        android:testOnly="true"
42        android:theme="@style/Theme.AndroidNews" >
42-->src\main\AndroidManifest.xml:18:9-49
43        <activity
43-->src\main\AndroidManifest.xml:20:9-23:59
44            android:name="com.example.androidnews.MapsActivity"
44-->src\main\AndroidManifest.xml:21:13-41
45            android:exported="false"
45-->src\main\AndroidManifest.xml:22:13-37
46            android:label="@string/title_activity_maps" />
46-->src\main\AndroidManifest.xml:23:13-56
47        <activity
47-->src\main\AndroidManifest.xml:25:9-32:20
48            android:name="com.example.androidnews.MainActivity"
48-->src\main\AndroidManifest.xml:26:13-41
49            android:exported="true" >
49-->src\main\AndroidManifest.xml:27:13-36
50            <intent-filter>
50-->src\main\AndroidManifest.xml:28:13-31:29
51                <action android:name="android.intent.action.MAIN" />
51-->src\main\AndroidManifest.xml:29:17-69
51-->src\main\AndroidManifest.xml:29:25-66
52
53                <category android:name="android.intent.category.LAUNCHER" />
53-->src\main\AndroidManifest.xml:30:17-77
53-->src\main\AndroidManifest.xml:30:27-74
54            </intent-filter>
55        </activity>
56        <activity android:name="com.example.androidnews.SourceActivity" />
56-->src\main\AndroidManifest.xml:34:9-35:46
56-->src\main\AndroidManifest.xml:35:13-43
57        <activity android:name="com.example.androidnews.ResultActivity" />
57-->src\main\AndroidManifest.xml:37:9-38:46
57-->src\main\AndroidManifest.xml:38:13-43
58        <activity android:name="com.example.androidnews.HeadlineActivity" />
58-->src\main\AndroidManifest.xml:40:9-41:48
58-->src\main\AndroidManifest.xml:41:13-45
59
60        <!--
61            The API key for Google Maps-based APIs is defined as a string resource.
62            (See the file "res/values/google_maps_api.xml").
63            Note that the API key is linked to the encryption key used to sign the APK.
64            You need a different API key for each encryption key, including the release key that is used to
65            sign the APK for publishing.
66            You can define the keys for the debug and release targets in src/debug/ and src/release/.
67        -->
68        <meta-data
68-->src\main\AndroidManifest.xml:51:9-53:55
69            android:name="com.google.android.geo.API_KEY"
69-->src\main\AndroidManifest.xml:52:13-58
70            android:value="@string/google_maps_key" />
70-->src\main\AndroidManifest.xml:53:13-52
71
72        <!-- Needs to be explicitly declared on P+ -->
73        <uses-library
73-->[com.google.android.gms:play-services-maps:18.0.2] AndroidManifest.xml:39:9-41:40
74            android:name="org.apache.http.legacy"
74-->[com.google.android.gms:play-services-maps:18.0.2] AndroidManifest.xml:40:13-50
75            android:required="false" />
75-->[com.google.android.gms:play-services-maps:18.0.2] AndroidManifest.xml:41:13-37
76
77        <provider
77-->[com.squareup.picasso:picasso:2.71828] AndroidManifest.xml:8:9-11:40
78            android:name="com.squareup.picasso.PicassoProvider"
78-->[com.squareup.picasso:picasso:2.71828] AndroidManifest.xml:9:13-64
79            android:authorities="com.example.androidnews.com.squareup.picasso"
79-->[com.squareup.picasso:picasso:2.71828] AndroidManifest.xml:10:13-72
80            android:exported="false" />
80-->[com.squareup.picasso:picasso:2.71828] AndroidManifest.xml:11:13-37
81
82        <activity
82-->[com.google.android.gms:play-services-base:18.0.1] AndroidManifest.xml:20:9-22:45
83            android:name="com.google.android.gms.common.api.GoogleApiActivity"
83-->[com.google.android.gms:play-services-base:18.0.1] AndroidManifest.xml:20:19-85
84            android:exported="false"
84-->[com.google.android.gms:play-services-base:18.0.1] AndroidManifest.xml:22:19-43
85            android:theme="@android:style/Theme.Translucent.NoTitleBar" />
85-->[com.google.android.gms:play-services-base:18.0.1] AndroidManifest.xml:21:19-78
86
87        <meta-data
87-->[com.google.android.gms:play-services-basement:18.0.0] AndroidManifest.xml:21:9-23:69
88            android:name="com.google.android.gms.version"
88-->[com.google.android.gms:play-services-basement:18.0.0] AndroidManifest.xml:22:13-58
89            android:value="@integer/google_play_services_version" />
89-->[com.google.android.gms:play-services-basement:18.0.0] AndroidManifest.xml:23:13-66
90
91        <provider
91-->[androidx.emoji2:emoji2:1.0.0] AndroidManifest.xml:26:9-34:20
92            android:name="androidx.startup.InitializationProvider"
92-->[androidx.emoji2:emoji2:1.0.0] AndroidManifest.xml:27:13-67
93            android:authorities="com.example.androidnews.androidx-startup"
93-->[androidx.emoji2:emoji2:1.0.0] AndroidManifest.xml:28:13-68
94            android:exported="false" >
94-->[androidx.emoji2:emoji2:1.0.0] AndroidManifest.xml:29:13-37
95            <meta-data
95-->[androidx.emoji2:emoji2:1.0.0] AndroidManifest.xml:31:13-33:52
96                android:name="androidx.emoji2.text.EmojiCompatInitializer"
96-->[androidx.emoji2:emoji2:1.0.0] AndroidManifest.xml:32:17-75
97                android:value="androidx.startup" />
97-->[androidx.emoji2:emoji2:1.0.0] AndroidManifest.xml:33:17-49
98            <meta-data
98-->[androidx.lifecycle:lifecycle-process:2.4.0] AndroidManifest.xml:31:13-33:52
99                android:name="androidx.lifecycle.ProcessLifecycleInitializer"
99-->[androidx.lifecycle:lifecycle-process:2.4.0] AndroidManifest.xml:32:17-78
100                android:value="androidx.startup" />
100-->[androidx.lifecycle:lifecycle-process:2.4.0] AndroidManifest.xml:33:17-49
101        </provider>
102    </application>
103
104</manifest>